config exists before default
with background path Some("/usr/share/backgrounds/pantaelaman/sam_cliff_dancing.png")
uv: [[0.1 0.0] - [0.9 1.0]]
uv: [[0.1 0.0] - [0.9 1.0]]
uv: [[0.1 0.0] - [0.9 1.0]]
uv: [[0.1 0.0] - [0.9 1.0]]
uv: [[0.1 0.0] - [0.9 1.0]]
uv: [[0.1 0.0] - [0.9 1.0]]
uv: [[0.1 0.0] - [0.9 1.0]]
uv: [[0.1 0.0] - [0.9 1.0]]
uv: [[0.1 0.0] - [0.9 1.0]]
uv: [[0.1 0.0] - [0.9 1.0]]
uv: [[0.1 0.0] - [0.9 1.0]]
uv: [[0.1 0.0] - [0.9 1.0]]
uv: [[0.1 0.0] - [0.9 1.0]]
uv: [[0.1 0.0] - [0.9 1.0]]
uv: [[0.1 0.0] - [0.9 1.0]]
uv: [[0.1 0.0] - [0.9 1.0]]
uv: [[0.1 0.0] - [0.9 1.0]]
uv: [[0.1 0.0] - [0.9 1.0]]
uv: [[0.1 0.0] - [0.9 1.0]]
uv: [[0.1 0.0] - [0.9 1.0]]
uv: [[0.1 0.0] - [0.9 1.0]]
uv: [[0.1 0.0] - [0.9 1.0]]
uv: [[0.1 0.0] - [0.9 1.0]]
uv: [[0.1 0.0] - [0.9 1.0]]
uv: [[0.1 0.0] - [0.9 1.0]]
uv: [[0.1 0.0] - [0.9 1.0]]
uv: [[0.1 0.0] - [0.9 1.0]]
uv: [[0.1 0.0] - [0.9 1.0]]
uv: [[0.1 0.0] - [0.9 1.0]]
uv: [[0.1 0.0] - [0.9 1.0]]
uv: [[0.1 0.0] - [0.9 1.0]]
uv: [[0.1 0.0] - [0.9 1.0]]
uv: [[0.1 0.0] - [0.9 1.0]]
uv: [[0.1 0.0] - [0.9 1.0]]
uv: [[0.1 0.0] - [0.9 1.0]]
uv: [[0.1 0.0] - [0.9 1.0]]
uv: [[0.1 0.0] - [0.9 1.0]]
uv: [[0.1 0.0] - [0.9 1.0]]
uv: [[0.1 0.0] - [0.9 1.0]]
uv: [[0.1 0.0] - [0.9 1.0]]
uv: [[0.1 0.0] - [0.9 1.0]]
uv: [[0.1 0.0] - [0.9 1.0]]
uv: [[0.1 0.0] - [0.9 1.0]]
uv: [[0.1 0.0] - [0.9 1.0]]
uv: [[0.1 0.0] - [0.9 1.0]]
uv: [[0.1 0.0] - [0.9 1.0]]
uv: [[0.1 0.0] - [0.9 1.0]]
uv: [[0.1 0.0] - [0.9 1.0]]
uv: [[0.1 0.0] - [0.9 1.0]]
uv: [[0.1 0.0] - [0.9 1.0]]
uv: [[0.1 0.0] - [0.9 1.0]]
uv: [[0.1 0.0] - [0.9 1.0]]
uv: [[0.1 0.0] - [0.9 1.0]]
uv: [[0.1 0.0] - [0.9 1.0]]
uv: [[0.1 0.0] - [0.9 1.0]]
uv: [[0.1 0.0] - [0.9 1.0]]
uv: [[0.1 0.0] - [0.9 1.0]]
uv: [[0.1 0.0] - [0.9 1.0]]
uv: [[0.1 0.0] - [0.9 1.0]]
uv: [[0.1 0.0] - [0.9 1.0]]
uv: [[0.1 0.0] - [0.9 1.0]]
uv: [[0.1 0.0] - [0.9 1.0]]
uv: [[0.1 0.0] - [0.9 1.0]]
uv: [[0.1 0.0] - [0.9 1.0]]
uv: [[0.1 0.0] - [0.9 1.0]]
uv: [[0.1 0.0] - [0.9 1.0]]
uv: [[0.1 0.0] - [0.9 1.0]]
uv: [[0.1 0.0] - [0.9 1.0]]
uv: [[0.1 0.0] - [0.9 1.0]]
uv: [[0.1 0.0] - [0.9 1.0]]
uv: [[0.1 0.0] - [0.9 1.0]]
uv: [[0.1 0.0] - [0.9 1.0]]
uv: [[0.1 0.0] - [0.9 1.0]]
uv: [[0.1 0.0] - [0.9 1.0]]
uv: [[0.1 0.0] - [0.9 1.0]]
uv: [[0.1 0.0] - [0.9 1.0]]
uv: [[0.1 0.0] - [0.9 1.0]]
uv: [[0.1 0.0] - [0.9 1.0]]
uv: [[0.1 0.0] - [0.9 1.0]]
uv: [[0.1 0.0] - [0.9 1.0]]
uv: [[0.1 0.0] - [0.9 1.0]]
uv: [[0.1 0.0] - [0.9 1.0]]
uv: [[0.1 0.0] - [0.9 1.0]]
uv: [[0.1 0.0] - [0.9 1.0]]
uv: [[0.1 0.0] - [0.9 1.0]]
uv: [[0.1 0.0] - [0.9 1.0]]
uv: [[0.1 0.0] - [0.9 1.0]]
uv: [[0.1 0.0] - [0.9 1.0]]
uv: [[0.1 0.0] - [0.9 1.0]]
uv: [[0.1 0.0] - [0.9 1.0]]
uv: [[0.1 0.0] - [0.9 1.0]]
uv: [[0.1 0.0] - [0.9 1.0]]
uv: [[0.1 0.0] - [0.9 1.0]]
uv: [[0.1 0.0] - [0.9 1.0]]
uv: [[0.1 0.0] - [0.9 1.0]]
uv: [[0.1 0.0] - [0.9 1.0]]
uv: [[0.1 0.0] - [0.9 1.0]]
uv: [[0.1 0.0] - [0.9 1.0]]
uv: [[0.1 0.0] - [0.9 1.0]]
uv: [[0.1 0.0] - [0.9 1.0]]
uv: [[0.1 0.0] - [0.9 1.0]]
uv: [[0.1 0.0] - [0.9 1.0]]
uv: [[0.1 0.0] - [0.9 1.0]]
uv: [[0.1 0.0] - [0.9 1.0]]
uv: [[0.1 0.0] - [0.9 1.0]]
uv: [[0.1 0.0] - [0.9 1.0]]
uv: [[0.1 0.0] - [0.9 1.0]]
uv: [[0.1 0.0] - [0.9 1.0]]
uv: [[0.1 0.0] - [0.9 1.0]]
uv: [[0.1 0.0] - [0.9 1.0]]
uv: [[0.1 0.0] - [0.9 1.0]]
uv: [[0.1 0.0] - [0.9 1.0]]
uv: [[0.1 0.0] - [0.9 1.0]]
uv: [[0.1 0.0] - [0.9 1.0]]
uv: [[0.1 0.0] - [0.9 1.0]]
uv: [[0.1 0.0] - [0.9 1.0]]
uv: [[0.1 0.0] - [0.9 1.0]]
uv: [[0.1 0.0] - [0.9 1.0]]
uv: [[0.1 0.0] - [0.9 1.0]]
uv: [[0.1 0.0] - [0.9 1.0]]
uv: [[0.1 0.0] - [0.9 1.0]]
uv: [[0.1 0.0] - [0.9 1.0]]
uv: [[0.1 0.0] - [0.9 1.0]]
uv: [[0.1 0.0] - [0.9 1.0]]
uv: [[0.1 0.0] - [0.9 1.0]]
uv: [[0.1 0.0] - [0.9 1.0]]
uv: [[0.1 0.0] - [0.9 1.0]]
uv: [[0.1 0.0] - [0.9 1.0]]
uv: [[0.1 0.0] - [0.9 1.0]]
uv: [[0.1 0.0] - [0.9 1.0]]
uv: [[0.1 0.0] - [0.9 1.0]]
uv: [[0.1 0.0] - [0.9 1.0]]
uv: [[0.1 0.0] - [0.9 1.0]]
uv: [[0.1 0.0] - [0.9 1.0]]
uv: [[0.1 0.0] - [0.9 1.0]]
uv: [[0.1 0.0] - [0.9 1.0]]
uv: [[0.1 0.0] - [0.9 1.0]]
uv: [[0.1 0.0] - [0.9 1.0]]
uv: [[0.1 0.0] - [0.9 1.0]]
uv: [[0.1 0.0] - [0.9 1.0]]
uv: [[0.1 0.0] - [0.9 1.0]]
uv: [[0.1 0.0] - [0.9 1.0]]
uv: [[0.1 0.0] - [0.9 1.0]]
uv: [[0.1 0.0] - [0.9 1.0]]
uv: [[0.1 0.0] - [0.9 1.0]]
uv: [[0.1 0.0] - [0.9 1.0]]
uv: [[0.1 0.0] - [0.9 1.0]]
uv: [[0.1 0.0] - [0.9 1.0]]
uv: [[0.1 0.0] - [0.9 1.0]]
uv: [[0.1 0.0] - [0.9 1.0]]
uv: [[0.1 0.0] - [0.9 1.0]]
uv: [[0.1 0.0] - [0.9 1.0]]
uv: [[0.1 0.0] - [0.9 1.0]]
uv: [[0.1 0.0] - [0.9 1.0]]
uv: [[0.1 0.0] - [0.9 1.0]]
uv: [[0.1 0.0] - [0.9 1.0]]
uv: [[0.1 0.0] - [0.9 1.0]]
uv: [[0.1 0.0] - [0.9 1.0]]
uv: [[0.1 0.0] - [0.9 1.0]]
uv: [[0.1 0.0] - [0.9 1.0]]
uv: [[0.1 0.0] - [0.9 1.0]]
uv: [[0.1 0.0] - [0.9 1.0]]
uv: [[0.1 0.0] - [0.9 1.0]]
uv: [[0.1 0.0] - [0.9 1.0]]
uv: [[0.1 0.0] - [0.9 1.0]]
uv: [[0.1 0.0] - [0.9 1.0]]
uv: [[0.1 0.0] - [0.9 1.0]]
uv: [[0.1 0.0] - [0.9 1.0]]
uv: [[0.1 0.0] - [0.9 1.0]]
uv: [[0.1 0.0] - [0.9 1.0]]
uv: [[0.1 0.0] - [0.9 1.0]]
uv: [[0.1 0.0] - [0.9 1.0]]
uv: [[0.1 0.0] - [0.9 1.0]]
uv: [[0.1 0.0] - [0.9 1.0]]
uv: [[0.1 0.0] - [0.9 1.0]]
uv: [[0.1 0.0] - [0.9 1.0]]
uv: [[0.1 0.0] - [0.9 1.0]]
uv: [[0.1 0.0] - [0.9 1.0]]
uv: [[0.1 0.0] - [0.9 1.0]]
uv: [[0.1 0.0] - [0.9 1.0]]
uv: [[0.1 0.0] - [0.9 1.0]]
uv: [[0.1 0.0] - [0.9 1.0]]
uv: [[0.1 0.0] - [0.9 1.0]]
uv: [[0.1 0.0] - [0.9 1.0]]
uv: [[0.1 0.0] - [0.9 1.0]]
uv: [[0.1 0.0] - [0.9 1.0]]
uv: [[0.1 0.0] - [0.9 1.0]]
uv: [[0.1 0.0] - [0.9 1.0]]
uv: [[0.1 0.0] - [0.9 1.0]]
uv: [[0.1 0.0] - [0.9 1.0]]
uv: [[0.1 0.0] - [0.9 1.0]]
uv: [[0.1 0.0] - [0.9 1.0]]
uv: [[0.1 0.0] - [0.9 1.0]]
uv: [[0.1 0.0] - [0.9 1.0]]
uv: [[0.1 0.0] - [0.9 1.0]]
uv: [[0.1 0.0] - [0.9 1.0]]
uv: [[0.1 0.0] - [0.9 1.0]]
uv: [[0.1 0.0] - [0.9 1.0]]
uv: [[0.1 0.0] - [0.9 1.0]]
uv: [[0.1 0.0] - [0.9 1.0]]
uv: [[0.1 0.0] - [0.9 1.0]]
uv: [[0.1 0.0] - [0.9 1.0]]
uv: [[0.1 0.0] - [0.9 1.0]]
uv: [[0.1 0.0] - [0.9 1.0]]
uv: [[0.1 0.0] - [0.9 1.0]]
uv: [[0.1 0.0] - [0.9 1.0]]
uv: [[0.1 0.0] - [0.9 1.0]]
uv: [[0.1 0.0] - [0.9 1.0]]
uv: [[0.1 0.0] - [0.9 1.0]]
uv: [[0.1 0.0] - [0.9 1.0]]
uv: [[0.1 0.0] - [0.9 1.0]]
uv: [[0.1 0.0] - [0.9 1.0]]
uv: [[0.1 0.0] - [0.9 1.0]]
uv: [[0.1 0.0] - [0.9 1.0]]
uv: [[0.1 0.0] - [0.9 1.0]]
uv: [[0.1 0.0] - [0.9 1.0]]
uv: [[0.1 0.0] - [0.9 1.0]]
uv: [[0.1 0.0] - [0.9 1.0]]
uv: [[0.1 0.0] - [0.9 1.0]]
uv: [[0.1 0.0] - [0.9 1.0]]
uv: [[0.1 0.0] - [0.9 1.0]]
uv: [[0.1 0.0] - [0.9 1.0]]
uv: [[0.1 0.0] - [0.9 1.0]]
uv: [[0.1 0.0] - [0.9 1.0]]
uv: [[0.1 0.0] - [0.9 1.0]]
uv: [[0.1 0.0] - [0.9 1.0]]
uv: [[0.1 0.0] - [0.9 1.0]]
uv: [[0.1 0.0] - [0.9 1.0]]
uv: [[0.1 0.0] - [0.9 1.0]]
uv: [[0.1 0.0] - [0.9 1.0]]
uv: [[0.1 0.0] - [0.9 1.0]]
uv: [[0.1 0.0] - [0.9 1.0]]
uv: [[0.1 0.0] - [0.9 1.0]]
uv: [[0.1 0.0] - [0.9 1.0]]
uv: [[0.1 0.0] - [0.9 1.0]]
uv: [[0.1 0.0] - [0.9 1.0]]
uv: [[0.1 0.0] - [0.9 1.0]]
uv: [[0.1 0.0] - [0.9 1.0]]
uv: [[0.1 0.0] - [0.9 1.0]]
uv: [[0.1 0.0] - [0.9 1.0]]
uv: [[0.1 0.0] - [0.9 1.0]]
uv: [[0.1 0.0] - [0.9 1.0]]
uv: [[0.1 0.0] - [0.9 1.0]]
uv: [[0.1 0.0] - [0.9 1.0]]
uv: [[0.1 0.0] - [0.9 1.0]]
uv: [[0.1 0.0] - [0.9 1.0]]
uv: [[0.1 0.0] - [0.9 1.0]]
uv: [[0.1 0.0] - [0.9 1.0]]
uv: [[0.1 0.0] - [0.9 1.0]]
uv: [[0.1 0.0] - [0.9 1.0]]
uv: [[0.1 0.0] - [0.9 1.0]]
uv: [[0.1 0.0] - [0.9 1.0]]
uv: [[0.1 0.0] - [0.9 1.0]]
uv: [[0.1 0.0] - [0.9 1.0]]
uv: [[0.1 0.0] - [0.9 1.0]]
uv: [[0.1 0.0] - [0.9 1.0]]
uv: [[0.1 0.0] - [0.9 1.0]]
uv: [[0.1 0.0] - [0.9 1.0]]
uv: [[0.1 0.0] - [0.9 1.0]]
uv: [[0.1 0.0] - [0.9 1.0]]
uv: [[0.1 0.0] - [0.9 1.0]]
uv: [[0.1 0.0] - [0.9 1.0]]
uv: [[0.1 0.0] - [0.9 1.0]]
uv: [[0.1 0.0] - [0.9 1.0]]
uv: [[0.1 0.0] - [0.9 1.0]]
uv: [[0.1 0.0] - [0.9 1.0]]
uv: [[0.1 0.0] - [0.9 1.0]]
uv: [[0.1 0.0] - [0.9 1.0]]
uv: [[0.1 0.0] - [0.9 1.0]]
uv: [[0.1 0.0] - [0.9 1.0]]
uv: [[0.1 0.0] - [0.9 1.0]]
uv: [[0.1 0.0] - [0.9 1.0]]
uv: [[0.1 0.0] - [0.9 1.0]]
uv: [[0.1 0.0] - [0.9 1.0]]
uv: [[0.1 0.0] - [0.9 1.0]]
uv: [[0.1 0.0] - [0.9 1.0]]
uv: [[0.1 0.0] - [0.9 1.0]]
uv: [[0.1 0.0] - [0.9 1.0]]
uv: [[0.1 0.0] - [0.9 1.0]]
uv: [[0.1 0.0] - [0.9 1.0]]
uv: [[0.1 0.0] - [0.9 1.0]]
uv: [[0.1 0.0] - [0.9 1.0]]
uv: [[0.1 0.0] - [0.9 1.0]]
uv: [[0.1 0.0] - [0.9 1.0]]
uv: [[0.1 0.0] - [0.9 1.0]]
uv: [[0.1 0.0] - [0.9 1.0]]
uv: [[0.1 0.0] - [0.9 1.0]]
uv: [[0.1 0.0] - [0.9 1.0]]
uv: [[0.1 0.0] - [0.9 1.0]]
uv: [[0.1 0.0] - [0.9 1.0]]
uv: [[0.1 0.0] - [0.9 1.0]]
uv: [[0.1 0.0] - [0.9 1.0]]
uv: [[0.1 0.0] - [0.9 1.0]]
uv: [[0.1 0.0] - [0.9 1.0]]
uv: [[0.1 0.0] - [0.9 1.0]]
uv: [[0.1 0.0] - [0.9 1.0]]
uv: [[0.1 0.0] - [0.9 1.0]]
uv: [[0.1 0.0] - [0.9 1.0]]
uv: [[0.1 0.0] - [0.9 1.0]]
uv: [[0.1 0.0] - [0.9 1.0]]
uv: [[0.1 0.0] - [0.9 1.0]]
uv: [[0.1 0.0] - [0.9 1.0]]
uv: [[0.1 0.0] - [0.9 1.0]]
uv: [[0.1 0.0] - [0.9 1.0]]
uv: [[0.1 0.0] - [0.9 1.0]]
uv: [[0.1 0.0] - [0.9 1.0]]
uv: [[0.1 0.0] - [0.9 1.0]]
uv: [[0.1 0.0] - [0.9 1.0]]
uv: [[0.1 0.0] - [0.9 1.0]]
uv: [[0.1 0.0] - [0.9 1.0]]
uv: [[0.1 0.0] - [0.9 1.0]]
uv: [[0.1 0.0] - [0.9 1.0]]
uv: [[0.1 0.0] - [0.9 1.0]]
uv: [[0.1 0.0] - [0.9 1.0]]
uv: [[0.1 0.0] - [0.9 1.0]]
uv: [[0.1 0.0] - [0.9 1.0]]
uv: [[0.1 0.0] - [0.9 1.0]]
uv: [[0.1 0.0] - [0.9 1.0]]
uv: [[0.1 0.0] - [0.9 1.0]]
uv: [[0.1 0.0] - [0.9 1.0]]
uv: [[0.1 0.0] - [0.9 1.0]]
Io error: Broken pipe (os error 32)
Io error: Broken pipe (os error 32)
Io error: Broken pipe (os error 32)

thread 'main' panicked at src/main.rs:81:4:
called `Result::unwrap()` on an `Err` value: WinitEventLoop(ExitFailure(1))
note: run with `RUST_BACKTRACE=1` environment variable to display a backtrace
